2026-07-01 18:14:00 DEBUG HooksHandler:32 - Assertion Manager Initialized
2026-07-01 18:14:08 DEBUG GetSamsungCategoryStepDef:23 - Open noon website
2026-07-01 18:14:08 DEBUG GetSamsungCategoryStepDef:28 - Move to category option
2026-07-01 18:14:08 INFO  GetSamsungCategoryStepDef:29 - Wait until category menu is open
2026-07-01 18:14:13 DEBUG GetSamsungCategoryStepDef:35 - Click Samsung in brand
2026-07-01 18:14:23 DEBUG HooksHandler:32 - Assertion Manager Initialized
2026-07-01 18:14:23 INFO  FilterByPriceAndRecommendationsStepDef:18 - Open noon website
2026-07-01 18:14:33 INFO  FilterByPriceAndRecommendationsStepDef:21 - Open noon page successful
2026-07-01 18:14:33 DEBUG FilterByPriceAndRecommendationsStepDef:26 - Move to category option
2026-07-01 18:14:33 INFO  FilterByPriceAndRecommendationsStepDef:27 - Wait until category menu is open
2026-07-01 18:14:39 DEBUG FilterByPriceAndRecommendationsStepDef:29 - Click Samsung in brand
2026-07-01 18:14:45 INFO  FilterByPriceAndRecommendationsStepDef:35 - Move to category option successful
2026-07-01 18:14:45 INFO  FilterByPriceAndRecommendationsStepDef:42 - Opening the Price filter.
2026-07-01 18:14:47 INFO  FilterByPriceAndRecommendationsStepDef:44 - Applying price filter: Min & Max
2026-07-01 18:14:50 INFO  FilterByPriceAndRecommendationsStepDef:46 - Verifying that all displayed products are within the selected price range.
2026-07-01 18:14:50 INFO  FilterByPriceAndRecommendationsStepDef:50 - Price range verification completed successfully.
2026-07-01 18:14:50 INFO  FilterByPriceAndRecommendationsStepDef:56 - Opening the sorting filter.
2026-07-01 18:14:54 INFO  FilterByPriceAndRecommendationsStepDef:59 - Result sorted by best rated successfully.
2026-07-01 18:14:57 DEBUG HooksHandler:32 - Assertion Manager Initialized
2026-07-01 18:14:57 INFO  AddMultipleProductsToCartStepDef:18 - Opening Noon website
2026-07-01 18:15:09 INFO  AddMultipleProductsToCartStepDef:21 - Noon website opened successfully
2026-07-01 18:15:09 INFO  AddMultipleProductsToCartStepDef:25 - Searching for headphones in search field
2026-07-01 18:15:20 INFO  AddMultipleProductsToCartStepDef:30 - headphones result is true
2026-07-01 18:15:20 INFO  AddMultipleProductsToCartStepDef:34 - Adding items to cart
2026-07-01 18:15:28 INFO  AddMultipleProductsToCartStepDef:36 - Items added successfully
2026-07-01 18:15:28 INFO  AddMultipleProductsToCartStepDef:41 - Going to cart page
2026-07-01 18:15:32 INFO  AddMultipleProductsToCartStepDef:46 - Navigated to cart page successfully
2026-07-01 18:15:32 INFO  AddMultipleProductsToCartStepDef:50 - Verifying added products invoice
2026-07-01 18:15:32 INFO  AddMultipleProductsToCartStepDef:53 - Verifying Order details
2026-07-01 18:15:32 INFO  AddMultipleProductsToCartStepDef:56 - Order Summary is successfully verified
2026-07-01 18:15:32 INFO  AddMultipleProductsToCartStepDef:60 - Verifying selected items are shown in cart page
2026-07-01 18:15:32 INFO  AddMultipleProductsToCartStepDef:66 - Products verified successfully
2026-07-01 18:15:36 DEBUG HooksHandler:32 - Assertion Manager Initialized
2026-07-01 18:15:36 INFO  VerificationOfUpdatingInvoiceStepDef:19 - Opening website
2026-07-01 18:15:47 INFO  VerificationOfUpdatingInvoiceStepDef:22 - Noon website opened
2026-07-01 18:15:47 INFO  VerificationOfUpdatingInvoiceStepDef:27 - Checking for product
2026-07-01 18:15:58 INFO  VerificationOfUpdatingInvoiceStepDef:32 - headphones result is true
2026-07-01 18:15:58 INFO  VerificationOfUpdatingInvoiceStepDef:37 - User is adding items to cart
2026-07-01 18:16:06 INFO  VerificationOfUpdatingInvoiceStepDef:39 - Items added successfully
2026-07-01 18:16:06 INFO  VerificationOfUpdatingInvoiceStepDef:44 - Navigating cart page
2026-07-01 18:16:08 INFO  VerificationOfUpdatingInvoiceStepDef:46 - Navigated to Cart page
2026-07-01 18:16:08 INFO  VerificationOfUpdatingInvoiceStepDef:51 - User is removed items from cart
2026-07-01 18:16:12 INFO  VerificationOfUpdatingInvoiceStepDef:53 - Getting the sum of products after removing item
2026-07-01 18:16:12 INFO  VerificationOfUpdatingInvoiceStepDef:55 - Items removed successfully
2026-07-01 18:16:12 INFO  VerificationOfUpdatingInvoiceStepDef:60 - Verifying that the invoice updated
2026-07-01 18:16:12 INFO  VerificationOfUpdatingInvoiceStepDef:62 - Getting the total invoice to compare it with the sum of products after removing item
2026-07-01 18:16:12 INFO  VerificationOfUpdatingInvoiceStepDef:69 - Invoice updated successfully
2026-07-01 18:16:15 DEBUG HooksHandler:32 - Assertion Manager Initialized
2026-07-01 18:16:15 INFO  FilterByPriceWithInvalidCredentialsStepDef:18 - Open noon website
2026-07-01 18:16:26 INFO  FilterByPriceWithInvalidCredentialsStepDef:21 - Open noon page successful
2026-07-01 18:16:26 DEBUG FilterByPriceWithInvalidCredentialsStepDef:26 - Move to category option
2026-07-01 18:16:26 INFO  FilterByPriceWithInvalidCredentialsStepDef:27 - Wait until category menu is open
2026-07-01 18:16:31 DEBUG FilterByPriceWithInvalidCredentialsStepDef:29 - Click Samsung in brand
2026-07-01 18:16:38 INFO  FilterByPriceWithInvalidCredentialsStepDef:35 - Move to category option successful
2026-07-01 18:16:38 INFO  FilterByPriceWithInvalidCredentialsStepDef:39 - Select filter by price
2026-07-01 18:16:40 INFO  FilterByPriceWithInvalidCredentialsStepDef:45 - provide invalid price range
2026-07-01 18:16:43 INFO  FilterByPriceWithInvalidCredentialsStepDef:52 - Verifying error message
2026-07-01 18:16:43 INFO  FilterByPriceWithInvalidCredentialsStepDef:56 - Verify error message successful
2026-07-01 18:16:45 DEBUG HooksHandler:32 - Assertion Manager Initialized
2026-07-01 18:16:45 INFO  FilterByPriceWithInvalidCredentialsStepDef:18 - Open noon website
2026-07-01 18:16:58 INFO  FilterByPriceWithInvalidCredentialsStepDef:21 - Open noon page successful
2026-07-01 18:16:58 DEBUG FilterByPriceWithInvalidCredentialsStepDef:26 - Move to category option
2026-07-01 18:16:58 INFO  FilterByPriceWithInvalidCredentialsStepDef:27 - Wait until category menu is open
2026-07-01 18:17:04 DEBUG FilterByPriceWithInvalidCredentialsStepDef:29 - Click Samsung in brand
2026-07-01 18:17:10 INFO  FilterByPriceWithInvalidCredentialsStepDef:35 - Move to category option successful
2026-07-01 18:17:10 INFO  FilterByPriceWithInvalidCredentialsStepDef:39 - Select filter by price
2026-07-01 18:17:12 INFO  FilterByPriceWithInvalidCredentialsStepDef:45 - provide invalid price range
2026-07-01 18:17:15 INFO  FilterByPriceWithInvalidCredentialsStepDef:52 - Verifying error message
2026-07-01 18:17:15 INFO  FilterByPriceWithInvalidCredentialsStepDef:56 - Verify error message successful
2026-07-01 18:17:18 DEBUG HooksHandler:32 - Assertion Manager Initialized
2026-07-01 18:17:18 INFO  FilterByPriceWithInvalidCredentialsStepDef:18 - Open noon website
2026-07-01 18:17:29 INFO  FilterByPriceWithInvalidCredentialsStepDef:21 - Open noon page successful
2026-07-01 18:17:29 DEBUG FilterByPriceWithInvalidCredentialsStepDef:26 - Move to category option
2026-07-01 18:17:29 INFO  FilterByPriceWithInvalidCredentialsStepDef:27 - Wait until category menu is open
2026-07-01 18:17:35 DEBUG FilterByPriceWithInvalidCredentialsStepDef:29 - Click Samsung in brand
2026-07-01 18:17:42 INFO  FilterByPriceWithInvalidCredentialsStepDef:35 - Move to category option successful
2026-07-01 18:17:42 INFO  FilterByPriceWithInvalidCredentialsStepDef:39 - Select filter by price
2026-07-01 18:17:45 INFO  FilterByPriceWithInvalidCredentialsStepDef:45 - provide invalid price range
2026-07-01 18:17:47 INFO  FilterByPriceWithInvalidCredentialsStepDef:52 - Verifying error message
2026-07-01 18:17:47 INFO  FilterByPriceWithInvalidCredentialsStepDef:56 - Verify error message successful
2026-07-01 18:17:50 DEBUG HooksHandler:32 - Assertion Manager Initialized
2026-07-01 18:17:50 INFO  FilterByPriceWithInvalidCredentialsStepDef:18 - Open noon website
2026-07-01 18:18:00 INFO  FilterByPriceWithInvalidCredentialsStepDef:21 - Open noon page successful
2026-07-01 18:18:00 DEBUG FilterByPriceWithInvalidCredentialsStepDef:26 - Move to category option
2026-07-01 18:18:00 INFO  FilterByPriceWithInvalidCredentialsStepDef:27 - Wait until category menu is open
2026-07-01 18:18:09 DEBUG FilterByPriceWithInvalidCredentialsStepDef:29 - Click Samsung in brand
2026-07-01 18:18:18 INFO  FilterByPriceWithInvalidCredentialsStepDef:35 - Move to category option successful
2026-07-01 18:18:18 INFO  FilterByPriceWithInvalidCredentialsStepDef:39 - Select filter by price
2026-07-01 18:18:18 INFO  FilterByPriceWithInvalidCredentialsStepDef:45 - provide invalid price range
2026-07-01 18:18:23 INFO  FilterByPriceWithInvalidCredentialsStepDef:52 - Verifying error message
2026-07-01 18:18:23 INFO  FilterByPriceWithInvalidCredentialsStepDef:56 - Verify error message successful
2026-07-01 18:18:26 DEBUG HooksHandler:32 - Assertion Manager Initialized
2026-07-01 18:18:26 INFO  FilterByPriceWithInvalidCredentialsStepDef:18 - Open noon website
2026-07-01 18:18:36 INFO  FilterByPriceWithInvalidCredentialsStepDef:21 - Open noon page successful
2026-07-01 18:18:36 DEBUG FilterByPriceWithInvalidCredentialsStepDef:26 - Move to category option
2026-07-01 18:18:36 INFO  FilterByPriceWithInvalidCredentialsStepDef:27 - Wait until category menu is open
2026-07-01 18:18:42 DEBUG FilterByPriceWithInvalidCredentialsStepDef:29 - Click Samsung in brand
2026-07-01 18:18:48 INFO  FilterByPriceWithInvalidCredentialsStepDef:35 - Move to category option successful
2026-07-01 18:18:48 INFO  FilterByPriceWithInvalidCredentialsStepDef:39 - Select filter by price
2026-07-01 18:18:50 INFO  FilterByPriceWithInvalidCredentialsStepDef:45 - provide invalid price range
2026-07-01 18:18:53 INFO  FilterByPriceWithInvalidCredentialsStepDef:52 - Verifying error message
2026-07-01 18:18:53 INFO  FilterByPriceWithInvalidCredentialsStepDef:56 - Verify error message successful
2026-07-01 18:18:56 DEBUG HooksHandler:32 - Assertion Manager Initialized
2026-07-01 18:18:56 INFO  FilterByPriceWithInvalidCredentialsStepDef:18 - Open noon website
2026-07-01 18:19:06 INFO  FilterByPriceWithInvalidCredentialsStepDef:21 - Open noon page successful
2026-07-01 18:19:06 DEBUG FilterByPriceWithInvalidCredentialsStepDef:26 - Move to category option
2026-07-01 18:19:06 INFO  FilterByPriceWithInvalidCredentialsStepDef:27 - Wait until category menu is open
2026-07-01 18:19:12 DEBUG FilterByPriceWithInvalidCredentialsStepDef:29 - Click Samsung in brand
2026-07-01 18:19:18 INFO  FilterByPriceWithInvalidCredentialsStepDef:35 - Move to category option successful
2026-07-01 18:19:18 INFO  FilterByPriceWithInvalidCredentialsStepDef:39 - Select filter by price
2026-07-01 18:19:20 INFO  FilterByPriceWithInvalidCredentialsStepDef:45 - provide invalid price range
2026-07-01 18:19:23 INFO  FilterByPriceWithInvalidCredentialsStepDef:52 - Verifying error message
2026-07-01 18:19:23 INFO  FilterByPriceWithInvalidCredentialsStepDef:56 - Verify error message successful
2026-07-01 18:19:26 DEBUG HooksHandler:32 - Assertion Manager Initialized
2026-07-01 18:19:26 INFO  FilterByPriceWithInvalidCredentialsStepDef:18 - Open noon website
2026-07-01 18:19:35 INFO  FilterByPriceWithInvalidCredentialsStepDef:21 - Open noon page successful
2026-07-01 18:19:35 DEBUG FilterByPriceWithInvalidCredentialsStepDef:26 - Move to category option
2026-07-01 18:19:35 INFO  FilterByPriceWithInvalidCredentialsStepDef:27 - Wait until category menu is open
2026-07-01 18:19:42 DEBUG FilterByPriceWithInvalidCredentialsStepDef:29 - Click Samsung in brand
2026-07-01 18:19:49 INFO  FilterByPriceWithInvalidCredentialsStepDef:35 - Move to category option successful
2026-07-01 18:19:49 INFO  FilterByPriceWithInvalidCredentialsStepDef:39 - Select filter by price
2026-07-01 18:19:50 INFO  FilterByPriceWithInvalidCredentialsStepDef:45 - provide invalid price range
2026-07-01 18:19:53 INFO  FilterByPriceWithInvalidCredentialsStepDef:52 - Verifying error message
2026-07-01 18:19:53 INFO  FilterByPriceWithInvalidCredentialsStepDef:56 - Verify error message successful
